2021-06-12 18:31:53 - Invalid address:  (From):  => {"to":["oivanmember3@gmail.com"],"subject":"Welcome To Kaan-Kor Gym"}

2021-06-12 18:31:53 - Invalid address:  (From):  => {"to":["oivanmember3@gmail.com"],"subject":"Welcome To Kaan-Kor Gym"}

2021-06-12 18:31:53 - Invalid address:  (From):  => {"to":["wpakasame@gmail.com"],"subject":"[Kaan-Kor Gym] New User Registration"}

2021-06-12 18:31:53 - Invalid address:  (From):  => {"to":["wpakasame@gmail.com"],"subject":"[Kaan-Kor Gym] New User Registration"}

2021-06-12 18:40:53 - Invalid address:  (From):  => {"to":["oivantrainer1@gmail.com"],"subject":"Welcome To Kaan-Kor Gym"}

2021-06-12 18:40:53 - Invalid address:  (From):  => {"to":["oivantrainer1@gmail.com"],"subject":"Welcome To Kaan-Kor Gym"}

2021-06-12 18:40:54 - Invalid address:  (From):  => {"to":["wpakasame@gmail.com"],"subject":"[Kaan-Kor Gym] New User Registration"}

2021-06-12 18:40:54 - Invalid address:  (From):  => {"to":["wpakasame@gmail.com"],"subject":"[Kaan-Kor Gym] New User Registration"}

2021-06-12 18:44:37 - Invalid address:  (From):  => {"to":["oivantrainer2@gmail.com"],"subject":"Welcome To Kaan-Kor Gym"}

2021-06-12 18:44:37 - Invalid address:  (From):  => {"to":["oivantrainer2@gmail.com"],"subject":"Welcome To Kaan-Kor Gym"}

2021-06-12 18:44:37 - Invalid address:  (From):  => {"to":["wpakasame@gmail.com"],"subject":"[Kaan-Kor Gym] New User Registration"}

2021-06-12 18:44:37 - Invalid address:  (From):  => {"to":["wpakasame@gmail.com"],"subject":"[Kaan-Kor Gym] New User Registration"}

2021-06-12 18:47:13 - Invalid address:  (From):  => {"to":["oivantrainer3@gmail.com"],"subject":"Welcome To Kaan-Kor Gym"}

2021-06-12 18:47:13 - Invalid address:  (From):  => {"to":["oivantrainer3@gmail.com"],"subject":"Welcome To Kaan-Kor Gym"}

2021-06-12 18:47:13 - Invalid address:  (From):  => {"to":["wpakasame@gmail.com"],"subject":"[Kaan-Kor Gym] New User Registration"}

2021-06-12 18:47:13 - Invalid address:  (From):  => {"to":["wpakasame@gmail.com"],"subject":"[Kaan-Kor Gym] New User Registration"}

2021-06-12 18:51:00 - Invalid address:  (From):  => {"to":["oivantrainer4@gmail.com"],"subject":"Welcome To Kaan-Kor Gym"}

2021-06-12 18:51:00 - Invalid address:  (From):  => {"to":["oivantrainer4@gmail.com"],"subject":"Welcome To Kaan-Kor Gym"}

2021-06-12 18:51:00 - Invalid address:  (From):  => {"to":["wpakasame@gmail.com"],"subject":"[Kaan-Kor Gym] New User Registration"}

2021-06-12 18:51:00 - Invalid address:  (From):  => {"to":["wpakasame@gmail.com"],"subject":"[Kaan-Kor Gym] New User Registration"}

2021-06-12 18:51:57 - Invalid address:  (From):  => {"to":["oivantrainer5@gmail.com"],"subject":"Welcome To Kaan-Kor Gym"}

2021-06-12 18:51:57 - Invalid address:  (From):  => {"to":["oivantrainer5@gmail.com"],"subject":"Welcome To Kaan-Kor Gym"}

2021-06-12 18:51:57 - Invalid address:  (From):  => {"to":["wpakasame@gmail.com"],"subject":"[Kaan-Kor Gym] New User Registration"}

2021-06-12 18:51:57 - Invalid address:  (From):  => {"to":["wpakasame@gmail.com"],"subject":"[Kaan-Kor Gym] New User Registration"}

2021-06-12 19:06:07 - Invalid address:  (From):  => {"to":["oivantrainer6@gmail.com"],"subject":"Welcome To Kaan-Kor Gym"}

2021-06-12 19:06:07 - Invalid address:  (From):  => {"to":["oivantrainer6@gmail.com"],"subject":"Welcome To Kaan-Kor Gym"}

2021-06-12 19:06:07 - Invalid address:  (From):  => {"to":["wpakasame@gmail.com"],"subject":"[Kaan-Kor Gym] New User Registration"}

2021-06-12 19:06:07 - Invalid address:  (From):  => {"to":["wpakasame@gmail.com"],"subject":"[Kaan-Kor Gym] New User Registration"}

2021-06-12 19:07:36 - Invalid address:  (From):  => {"to":["oivantrainer7@gmail.com"],"subject":"Welcome To Kaan-Kor Gym"}

2021-06-12 19:07:36 - Invalid address:  (From):  => {"to":["oivantrainer7@gmail.com"],"subject":"Welcome To Kaan-Kor Gym"}

2021-06-12 19:07:36 - Invalid address:  (From):  => {"to":["wpakasame@gmail.com"],"subject":"[Kaan-Kor Gym] New User Registration"}

2021-06-12 19:07:36 - Invalid address:  (From):  => {"to":["wpakasame@gmail.com"],"subject":"[Kaan-Kor Gym] New User Registration"}

2021-06-12 19:11:23 - Invalid address:  (From):  => {"to":["trainer8@gmail.com"],"subject":"Welcome To Kaan-Kor Gym"}

2021-06-12 19:11:23 - Invalid address:  (From):  => {"to":["trainer8@gmail.com"],"subject":"Welcome To Kaan-Kor Gym"}

2021-06-12 19:11:23 - Invalid address:  (From):  => {"to":["wpakasame@gmail.com"],"subject":"[Kaan-Kor Gym] New User Registration"}

2021-06-12 19:11:23 - Invalid address:  (From):  => {"to":["wpakasame@gmail.com"],"subject":"[Kaan-Kor Gym] New User Registration"}

2021-06-12 19:14:30 - Invalid address:  (From):  => {"to":["trainer9@gmail.com"],"subject":"Welcome To Kaan-Kor Gym"}

2021-06-12 19:14:30 - Invalid address:  (From):  => {"to":["trainer9@gmail.com"],"subject":"Welcome To Kaan-Kor Gym"}

2021-06-12 19:14:30 - Invalid address:  (From):  => {"to":["wpakasame@gmail.com"],"subject":"[Kaan-Kor Gym] New User Registration"}

2021-06-12 19:14:30 - Invalid address:  (From):  => {"to":["wpakasame@gmail.com"],"subject":"[Kaan-Kor Gym] New User Registration"}

2021-06-12 19:15:56 - Invalid address:  (From):  => {"to":["trainer10@gmail.com"],"subject":"Welcome To Kaan-Kor Gym"}

2021-06-12 19:15:56 - Invalid address:  (From):  => {"to":["trainer10@gmail.com"],"subject":"Welcome To Kaan-Kor Gym"}

2021-06-12 19:15:56 - Invalid address:  (From):  => {"to":["wpakasame@gmail.com"],"subject":"[Kaan-Kor Gym] New User Registration"}

2021-06-12 19:15:56 - Invalid address:  (From):  => {"to":["wpakasame@gmail.com"],"subject":"[Kaan-Kor Gym] New User Registration"}

2021-06-12 19:25:47 - Invalid address:  (From):  => {"to":["trainer11@gmail.com"],"subject":"Welcome To Kaan-Kor Gym"}

2021-06-12 19:25:47 - Invalid address:  (From):  => {"to":["trainer11@gmail.com"],"subject":"Welcome To Kaan-Kor Gym"}

2021-06-12 19:25:47 - Invalid address:  (From):  => {"to":["wpakasame@gmail.com"],"subject":"[Kaan-Kor Gym] New User Registration"}

2021-06-12 19:25:47 - Invalid address:  (From):  => {"to":["wpakasame@gmail.com"],"subject":"[Kaan-Kor Gym] New User Registration"}

2021-06-12 19:30:59 - Invalid address:  (From):  => {"to":["oivantrainer1@gmail.com"],"subject":"Welcome To Kaan-Kor Gym"}

2021-06-12 19:30:59 - Invalid address:  (From):  => {"to":["oivantrainer1@gmail.com"],"subject":"Welcome To Kaan-Kor Gym"}

2021-06-12 19:30:59 - Invalid address:  (From):  => {"to":["wpakasame@gmail.com"],"subject":"[Kaan-Kor Gym] New User Registration"}

2021-06-12 19:30:59 - Invalid address:  (From):  => {"to":["wpakasame@gmail.com"],"subject":"[Kaan-Kor Gym] New User Registration"}

2021-06-12 19:32:56 - Invalid address:  (From):  => {"to":["trainer2@gmail.com"],"subject":"Welcome To Kaan-Kor Gym"}

2021-06-12 19:32:56 - Invalid address:  (From):  => {"to":["trainer2@gmail.com"],"subject":"Welcome To Kaan-Kor Gym"}

2021-06-12 19:32:56 - Invalid address:  (From):  => {"to":["wpakasame@gmail.com"],"subject":"[Kaan-Kor Gym] New User Registration"}

2021-06-12 19:32:56 - Invalid address:  (From):  => {"to":["wpakasame@gmail.com"],"subject":"[Kaan-Kor Gym] New User Registration"}

2021-06-12 19:33:59 - Invalid address:  (From):  => {"to":["test@test.dsd"],"subject":"Welcome To Kaan-Kor Gym"}

2021-06-12 19:33:59 - Invalid address:  (From):  => {"to":["test@test.dsd"],"subject":"Welcome To Kaan-Kor Gym"}

2021-06-12 19:33:59 - Invalid address:  (From):  => {"to":["wpakasame@gmail.com"],"subject":"[Kaan-Kor Gym] New User Registration"}

2021-06-12 19:33:59 - Invalid address:  (From):  => {"to":["wpakasame@gmail.com"],"subject":"[Kaan-Kor Gym] New User Registration"}

2021-06-12 19:35:09 - Invalid address:  (From):  => {"to":["test2@gmail.com"],"subject":"Welcome To Kaan-Kor Gym"}

2021-06-12 19:35:09 - Invalid address:  (From):  => {"to":["test2@gmail.com"],"subject":"Welcome To Kaan-Kor Gym"}

2021-06-12 19:35:09 - Invalid address:  (From):  => {"to":["wpakasame@gmail.com"],"subject":"[Kaan-Kor Gym] New User Registration"}

2021-06-12 19:35:09 - Invalid address:  (From):  => {"to":["wpakasame@gmail.com"],"subject":"[Kaan-Kor Gym] New User Registration"}

2021-06-12 19:36:24 - Invalid address:  (From):  => {"to":["test3@gmail.com"],"subject":"Welcome To Kaan-Kor Gym"}

2021-06-12 19:36:24 - Invalid address:  (From):  => {"to":["test3@gmail.com"],"subject":"Welcome To Kaan-Kor Gym"}

2021-06-12 19:36:24 - Invalid address:  (From):  => {"to":["wpakasame@gmail.com"],"subject":"[Kaan-Kor Gym] New User Registration"}

2021-06-12 19:36:24 - Invalid address:  (From):  => {"to":["wpakasame@gmail.com"],"subject":"[Kaan-Kor Gym] New User Registration"}

2021-06-12 19:38:42 - Invalid address:  (From):  => {"to":["test1@gmail.com"],"subject":"Welcome To Kaan-Kor Gym"}

2021-06-12 19:38:42 - Invalid address:  (From):  => {"to":["test1@gmail.com"],"subject":"Welcome To Kaan-Kor Gym"}

2021-06-12 19:38:42 - Invalid address:  (From):  => {"to":["wpakasame@gmail.com"],"subject":"[Kaan-Kor Gym] New User Registration"}

2021-06-12 19:38:42 - Invalid address:  (From):  => {"to":["wpakasame@gmail.com"],"subject":"[Kaan-Kor Gym] New User Registration"}

2021-06-12 19:46:19 - Invalid address:  (From):  => {"to":["trainer2@gmail.com"],"subject":"Welcome To Kaan-Kor Gym"}

2021-06-12 19:46:19 - Invalid address:  (From):  => {"to":["trainer2@gmail.com"],"subject":"Welcome To Kaan-Kor Gym"}

2021-06-12 19:46:19 - Invalid address:  (From):  => {"to":["wpakasame@gmail.com"],"subject":"[Kaan-Kor Gym] New User Registration"}

2021-06-12 19:46:19 - Invalid address:  (From):  => {"to":["wpakasame@gmail.com"],"subject":"[Kaan-Kor Gym] New User Registration"}

2021-06-12 19:47:45 - Invalid address:  (From):  => {"to":["trainer3@gmail.com"],"subject":"Welcome To Kaan-Kor Gym"}

2021-06-12 19:47:45 - Invalid address:  (From):  => {"to":["trainer3@gmail.com"],"subject":"Welcome To Kaan-Kor Gym"}

2021-06-12 19:47:45 - Invalid address:  (From):  => {"to":["wpakasame@gmail.com"],"subject":"[Kaan-Kor Gym] New User Registration"}

2021-06-12 19:47:45 - Invalid address:  (From):  => {"to":["wpakasame@gmail.com"],"subject":"[Kaan-Kor Gym] New User Registration"}

2021-06-12 19:49:30 - Invalid address:  (From):  => {"to":["normaluser@gmail.com"],"subject":"Welcome To Kaan-Kor Gym"}

2021-06-12 19:49:30 - Invalid address:  (From):  => {"to":["normaluser@gmail.com"],"subject":"Welcome To Kaan-Kor Gym"}

2021-06-12 19:49:30 - Invalid address:  (From):  => {"to":["wpakasame@gmail.com"],"subject":"[Kaan-Kor Gym] New User Registration"}

2021-06-12 19:49:30 - Invalid address:  (From):  => {"to":["wpakasame@gmail.com"],"subject":"[Kaan-Kor Gym] New User Registration"}

